::1 - - [15/Aug/2024:20:53:07 +0000] "POST /login HTTP/1.1" 404 145 "-" "PostmanRuntime/7.37.3"
::1 - - [15/Aug/2024:20:54:04 +0000] "POST /login HTTP/1.1" 404 145 "-" "PostmanRuntime/7.37.3"
::1 - - [15/Aug/2024:20:54:18 +0000] "POST /login HTTP/1.1" 404 145 "-" "PostmanRuntime/7.37.3"
::1 - - [15/Aug/2024:20:54:32 +0000] "POST /auth/login HTTP/1.1" 400 39 "-" "PostmanRuntime/7.37.3"
::1 - - [15/Aug/2024:20:55:03 +0000] "POST /auth/register HTTP/1.1" 200 197 "-" "PostmanRuntime/7.37.3"
::1 - - [15/Aug/2024:20:58:40 +0000] "POST /auth/register HTTP/1.1" 200 406 "-" "PostmanRuntime/7.37.3"
::1 - - [15/Aug/2024:20:58:45 +0000] "POST /auth/register HTTP/1.1" 400 34 "-" "PostmanRuntime/7.37.3"
::1 - - [15/Aug/2024:20:58:50 +0000] "POST /auth/login HTTP/1.1" 200 406 "-" "PostmanRuntime/7.37.3"
::1 - - [15/Aug/2024:20:58:51 +0000] "POST /auth/login HTTP/1.1" 200 406 "-" "PostmanRuntime/7.37.3"
::1 - - [15/Aug/2024:20:58:51 +0000] "POST /auth/login HTTP/1.1" 200 406 "-" "PostmanRuntime/7.37.3"
::1 - - [15/Aug/2024:20:58:52 +0000] "POST /auth/login HTTP/1.1" 200 406 "-" "PostmanRuntime/7.37.3"
::1 - - [15/Aug/2024:20:58:53 +0000] "POST /auth/login HTTP/1.1" 200 406 "-" "PostmanRuntime/7.37.3"
::1 - - [15/Aug/2024:20:58:53 +0000] "POST /auth/login HTTP/1.1" 200 406 "-" "PostmanRuntime/7.37.3"
::1 - - [15/Aug/2024:20:59:00 +0000] "POST /auth/logout HTTP/1.1" 200 37 "-" "PostmanRuntime/7.37.3"
::1 - - [15/Aug/2024:21:22:59 +0000] "POST /auth/login HTTP/1.1" 400 39 "-" "PostmanRuntime/7.37.3"
::1 - - [15/Aug/2024:21:24:59 +0000] "POST /auth/register HTTP/1.1" 200 406 "-" "PostmanRuntime/7.37.3"
::1 - - [15/Aug/2024:21:25:28 +0000] "GET /a HTTP/1.1" 401 31 "-" "PostmanRuntime/7.37.3"
::1 - - [15/Aug/2024:21:25:56 +0000] "GET /a HTTP/1.1" 401 26 "-" "PostmanRuntime/7.37.3"
::1 - - [15/Aug/2024:21:25:56 +0000] "GET /a HTTP/1.1" 401 26 "-" "PostmanRuntime/7.37.3"
::1 - - [15/Aug/2024:21:26:09 +0000] "GET /a HTTP/1.1" 200 13 "-" "PostmanRuntime/7.37.3"
::1 - - [15/Aug/2024:21:26:23 +0000] "GET /a HTTP/1.1" 403 26 "-" "PostmanRuntime/7.37.3"
::1 - - [15/Aug/2024:21:26:28 +0000] "GET /a HTTP/1.1" 200 13 "-" "PostmanRuntime/7.37.3"
